<?xml version="1.0" encoding="UTF-8"?>
<testsuite name="com.alemprator.setup.MikrotikUserManagerTest" tests="1" skipped="0" failures="0" errors="0" timestamp="٢٠٢٦-٠٧-٠٧T١٤:١٧:٣٧" hostname="al-emprator" time="0.167">
  <properties/>
  <testcase name="testConfigureRouter" classname="com.alemprator.setup.MikrotikUserManagerTest" time="0.167"/>
  <system-out><![CDATA[=== [بدء اختبار إضافة RADIUS الفعلي عبر كوتلن] ===
جاري الاتصال بـ 192.168.66.2:8728 لتسجيل الدخول وإجراء عملية الإضافة...
النتيجة المرجعة: تم إعداد User Manager بنجاح (ROS v6)
✅ نجح الاختبار المباشر للكود! تم إضافة الراوتر بنجاح.
]]></system-out>
  <system-err><![CDATA[]]></system-err>
</testsuite>
